 03-30-2022 00:03:52.014 [main] DEBUG io.netty.util.NetUtil - -Djava.net.preferIPv4Stack: false
 03-30-2022 00:03:52.036 [main] DEBUG io.netty.util.NetUtil - -Djava.net.preferIPv6Addresses: false
 03-30-2022 00:03:52.049 [main] DEBUG io.netty.util.NetUtilInitializations - Loopback interface: lo (Software Loopback Interface 1, 127.0.0.1)
 03-30-2022 00:03:52.050 [main] DEBUG io.netty.util.NetUtil - Failed to get SOMAXCONN from sysctl and file \proc\sys\net\core\somaxconn. Default: 200
 03-30-2022 00:03:52.086 [main] DEBUG io.netty.channel.DefaultChannelId - -Dio.netty.machineId: 00:50:56:ff:fe:c0:00:08 (auto-detected)
 03-30-2022 00:03:52.140 [AsyncHttpClient-1-2] DEBUG io.netty.buffer.AbstractByteBuf - -Dio.netty.buffer.checkAccessible: true
 03-30-2022 00:03:52.140 [AsyncHttpClient-1-2] DEBUG io.netty.buffer.AbstractByteBuf - -Dio.netty.buffer.checkBounds: true
 03-30-2022 00:03:52.140 [AsyncHttpClient-1-2] DEBUG io.netty.util.ResourceLeakDetectorFactory - Loaded default ResourceLeakDetector: io.netty.util.ResourceLeakDetector@5badb456
 03-30-2022 00:03:52.161 [AsyncHttpClient-1-2] DEBUG io.netty.util.Recycler - -Dio.netty.recycler.maxCapacityPerThread: 4096
 03-30-2022 00:03:52.161 [AsyncHttpClient-1-2] DEBUG io.netty.util.Recycler - -Dio.netty.recycler.ratio: 8
 03-30-2022 00:03:52.161 [AsyncHttpClient-1-2] DEBUG io.netty.util.Recycler - -Dio.netty.recycler.chunkSize: 32
 03-30-2022 00:03:52.161 [AsyncHttpClient-1-2] DEBUG io.netty.util.Recycler - -Dio.netty.recycler.blocking: false
 03-30-2022 00:03:52.778 [AsyncHttpClient-1-2] DEBUG io.netty.handler.codec.compression.Brotli - brotli4j not in the classpath; Brotli support will be unavailable.
 03-30-2022 00:03:53.030 [main] DEBUG io.netty.util.internal.ThreadLocalRandom - -Dio.netty.initialSeedUniquifier: 0xa1a7b2027ac3fffd
 03-30-2022 00:03:53.390 [main] INFO  Base.base - Trying to launch the website
 03-30-2022 00:04:05.319 [main] ERROR Base.base - Not validated
 03-30-2022 00:04:06.466 [main] ERROR Base.base - Not Entering data for searching
 03-30-2022 00:04:16.517 [main] ERROR Base.base - Not Entering data for searching
 03-30-2022 00:04:33.604 [main] ERROR Base.base - Not validated
 03-30-2022 00:07:01.699 [main] INFO  Base.base - Trying to launch the website
 03-30-2022 00:07:04.586 [main] INFO  Base.base - Successfully launched the website
 03-30-2022 00:07:05.595 [main] INFO  Base.base - clicked on accountlist btn
 03-30-2022 00:07:05.765 [main] INFO  Base.base - entered the username
 03-30-2022 00:07:07.001 [main] INFO  Base.base - entered the PWD
 03-30-2022 00:07:09.331 [main] INFO  Base.base - Home of application
 03-30-2022 00:07:09.885 [main] INFO  Base.base - Entering data for searching
 03-30-2022 00:07:12.497 [main] INFO  Base.base - Eligible for Pay On Delivery
 03-30-2022 00:07:16.332 [main] INFO  Base.base - smartphones
 03-30-2022 00:07:18.208 [main] INFO  Base.base - redmi select
 03-30-2022 00:07:18.717 [main] INFO  Base.base - 32 gb select
 03-30-2022 00:07:37.002 [main] ERROR Base.base - Not validated
 03-30-2022 00:08:10.308 [main] INFO  Base.base - Trying to launch the website
 03-30-2022 00:08:13.323 [main] INFO  Base.base - Successfully launched the website
 03-30-2022 00:08:14.364 [main] INFO  Base.base - clicked on accountlist btn
 03-30-2022 00:08:14.493 [main] INFO  Base.base - entered the username
 03-30-2022 00:08:15.679 [main] INFO  Base.base - entered the PWD
 03-30-2022 00:08:17.931 [main] INFO  Base.base - Home of application
 03-30-2022 00:08:18.537 [main] INFO  Base.base - Entering data for searching
 03-30-2022 00:08:20.885 [main] INFO  Base.base - Eligible for Pay On Delivery
 03-30-2022 00:08:23.962 [main] INFO  Base.base - smartphones
 03-30-2022 00:08:26.144 [main] INFO  Base.base - redmi select
 03-30-2022 00:08:26.468 [main] INFO  Base.base - 32 gb select
 03-30-2022 00:08:44.851 [main] ERROR Base.base - Not validated
 03-30-2022 00:09:11.628 [main] INFO  Base.base - Trying to launch the website
 03-30-2022 00:09:14.914 [main] INFO  Base.base - Successfully launched the website
 03-30-2022 00:09:15.911 [main] INFO  Base.base - clicked on accountlist btn
 03-30-2022 00:09:16.058 [main] INFO  Base.base - entered the username
 03-30-2022 00:09:17.291 [main] INFO  Base.base - entered the PWD
 03-30-2022 00:09:19.568 [main] INFO  Base.base - Home of application
 03-30-2022 00:09:20.343 [main] INFO  Base.base - Entering data for searching
 03-30-2022 00:09:22.636 [main] INFO  Base.base - Eligible for Pay On Delivery
 03-30-2022 00:09:25.531 [main] INFO  Base.base - smartphones
 03-30-2022 00:09:27.437 [main] INFO  Base.base - redmi select
 03-30-2022 00:09:27.696 [main] INFO  Base.base - 32 gb select
 03-30-2022 00:09:39.203 [main] ERROR Base.base - Not validated
 03-30-2022 00:15:38.128 [main] INFO  Base.base - Trying to launch the website
 03-30-2022 00:15:40.736 [main] INFO  Base.base - Successfully launched the website
 03-30-2022 00:15:41.806 [main] INFO  Base.base - clicked on accountlist btn
 03-30-2022 00:15:41.945 [main] INFO  Base.base - entered the username
 03-30-2022 00:15:43.123 [main] INFO  Base.base - entered the PWD
 03-30-2022 00:15:45.532 [main] INFO  Base.base - Home of application
 03-30-2022 00:15:46.259 [main] INFO  Base.base - Entering data for searching
 03-30-2022 00:15:48.639 [main] INFO  Base.base - Eligible for Pay On Delivery
 03-30-2022 00:15:51.683 [main] INFO  Base.base - smartphones
 03-30-2022 00:15:53.415 [main] INFO  Base.base - redmi select
 03-30-2022 00:15:53.605 [main] INFO  Base.base - 32 gb select
 03-30-2022 00:16:04.906 [main] ERROR Base.base - Not Entering data for searching
 03-30-2022 00:16:39.765 [main] INFO  Base.base - Trying to launch the website
 03-30-2022 00:16:42.591 [main] INFO  Base.base - Successfully launched the website
 03-30-2022 00:16:43.692 [main] INFO  Base.base - clicked on accountlist btn
 03-30-2022 00:16:43.830 [main] INFO  Base.base - entered the username
 03-30-2022 00:16:45.032 [main] INFO  Base.base - entered the PWD
 03-30-2022 00:16:47.388 [main] INFO  Base.base - Home of application
 03-30-2022 00:16:47.986 [main] INFO  Base.base - Entering data for searching
 03-30-2022 00:16:50.050 [main] INFO  Base.base - Eligible for Pay On Delivery
 03-30-2022 00:16:52.988 [main] INFO  Base.base - smartphones
 03-30-2022 00:16:54.827 [main] INFO  Base.base - redmi select
 03-30-2022 00:16:55.012 [main] INFO  Base.base - 32 gb select
 03-30-2022 00:17:58.623 [main] INFO  Base.base - Trying to launch the website
 03-30-2022 00:18:01.920 [main] INFO  Base.base - Successfully launched the website
 03-30-2022 00:18:02.905 [main] INFO  Base.base - clicked on accountlist btn
 03-30-2022 00:18:03.042 [main] INFO  Base.base - entered the username
 03-30-2022 00:18:04.265 [main] INFO  Base.base - entered the PWD
 03-30-2022 00:18:07.447 [main] INFO  Base.base - Home of application
 03-30-2022 00:18:08.184 [main] INFO  Base.base - Entering data for searching
 03-30-2022 00:18:10.738 [main] INFO  Base.base - Eligible for Pay On Delivery
 03-30-2022 00:18:13.907 [main] INFO  Base.base - smartphones
 03-30-2022 00:18:15.863 [main] INFO  Base.base - redmi select
 03-30-2022 00:18:25.923 [main] ERROR Base.base - Not Entering data for searching
 03-30-2022 00:18:26.546 [main] INFO  Base.base - Trying to launch the website
 03-30-2022 00:18:30.427 [main] INFO  Base.base - Successfully launched the website
 03-30-2022 00:18:31.456 [main] INFO  Base.base - clicked on accountlist btn
 03-30-2022 00:18:31.579 [main] INFO  Base.base - entered the username
 03-30-2022 00:18:32.850 [main] INFO  Base.base - entered the PWD
 03-30-2022 00:18:35.621 [main] INFO  Base.base - Home of application
 03-30-2022 00:18:36.216 [main] INFO  Base.base - Entering data for searching
 03-30-2022 00:18:38.715 [main] INFO  Base.base - Eligible for Pay On Delivery
 03-30-2022 00:18:41.481 [main] INFO  Base.base - smartphones
 03-30-2022 00:18:43.471 [main] INFO  Base.base - redmi select
 03-30-2022 00:18:43.852 [main] INFO  Base.base - 32 gb select
 03-30-2022 00:18:59.519 [main] INFO  Base.base - Trying to launch the website
 03-30-2022 00:19:02.562 [main] INFO  Base.base - Successfully launched the website
 03-30-2022 00:19:03.596 [main] INFO  Base.base - clicked on accountlist btn
 03-30-2022 00:19:03.728 [main] INFO  Base.base - entered the username
 03-30-2022 00:19:04.913 [main] INFO  Base.base - entered the PWD
 03-30-2022 00:19:07.216 [main] INFO  Base.base - Home of application
 03-30-2022 00:19:07.862 [main] INFO  Base.base - Entering data for searching
 03-30-2022 00:19:10.003 [main] INFO  Base.base - Eligible for Pay On Delivery
 03-30-2022 00:19:12.972 [main] INFO  Base.base - smartphones
 03-30-2022 00:19:14.868 [main] INFO  Base.base - redmi select
 03-30-2022 00:19:15.046 [main] INFO  Base.base - 32 gb select
 03-30-2022 00:19:30.621 [main] INFO  Base.base - Trying to launch the website
 03-30-2022 00:19:33.836 [main] INFO  Base.base - Successfully launched the website
 03-30-2022 00:19:34.814 [main] INFO  Base.base - clicked on accountlist btn
 03-30-2022 00:19:34.999 [main] INFO  Base.base - entered the username
 03-30-2022 00:19:36.129 [main] INFO  Base.base - entered the PWD
 03-30-2022 00:19:38.333 [main] INFO  Base.base - Home of application
 03-30-2022 00:19:39.066 [main] INFO  Base.base - Entering data for searching
 03-30-2022 00:19:41.393 [main] INFO  Base.base - Eligible for Pay On Delivery
 03-30-2022 00:19:44.474 [main] INFO  Base.base - smartphones
 03-30-2022 00:19:46.896 [main] INFO  Base.base - redmi select
 03-30-2022 00:19:47.128 [main] INFO  Base.base - 32 gb select
 03-30-2022 00:19:57.876 [main] INFO  Base.base - Trying to launch the website
 03-30-2022 00:19:58.308 [main] ERROR Base.base - Not Entering data for searching
 03-30-2022 00:20:00.730 [main] INFO  Base.base - Successfully launched the website
 03-30-2022 00:20:01.689 [main] INFO  Base.base - clicked on accountlist btn
 03-30-2022 00:20:01.807 [main] INFO  Base.base - entered the username
